-------------------------------------------------------------------------------
Test set: com.webservice.dexter_service.AccountControllerTest
-------------------------------------------------------------------------------
Tests run: 2, Failures: 1, Errors: 0, Skipped: 0, Time elapsed: 12.204 s <<< FAILURE! - in com.webservice.dexter_service.AccountControllerTest
getLangs(com.webservice.dexter_service.AccountControllerTest)  Time elapsed: 4.027 s  <<< FAILURE!
java.lang.AssertionError
	at com.webservice.dexter_service.AccountControllerTest.getLangs(AccountControllerTest.java:78)

