-------------------------------------------------------------------------------
Test set: com.webservice.dexter_service.DexterServiceApplicationTests
-------------------------------------------------------------------------------
Tests run: 1, Failures: 0, Errors: 1, Skipped: 0, Time elapsed: 0.343 s <<< FAILURE! - in com.webservice.dexter_service.DexterServiceApplicationTests
initializationError(com.webservice.dexter_service.DexterServiceApplicationTests)  Time elapsed: 0 s  <<< ERROR!
java.lang.IllegalStateException: Unable to find a @SpringBootConfiguration, you need to use @ContextConfiguration or @SpringBootTest(classes=...) with your test

